{"/Users/jesussanchez/Desktop/Ews Lambda Funtions Templates/NodeJS/index.ts": {"path":"/Users/jesussanchez/Desktop/Ews Lambda Funtions Templates/NodeJS/index.ts","all":false,"statementMap":{"0":{"start":{"line":1,"column":0},"end":{"line":1,"column":73}},"1":{"start":{"line":2,"column":0},"end":{"line":2,"column":26}},"2":{"start":{"line":3,"column":0},"end":{"line":3,"column":51}},"3":{"start":{"line":4,"column":0},"end":{"line":4,"column":80}},"4":{"start":{"line":5,"column":0},"end":{"line":5,"column":31}},"5":{"start":{"line":6,"column":0},"end":{"line":6,"column":57}},"6":{"start":{"line":7,"column":0},"end":{"line":7,"column":101}},"7":{"start":{"line":8,"column":0},"end":{"line":8,"column":40}},"8":{"start":{"line":9,"column":0},"end":{"line":9,"column":9}},"9":{"start":{"line":10,"column":0},"end":{"line":10,"column":32}},"10":{"start":{"line":11,"column":0},"end":{"line":11,"column":0}},"11":{"start":{"line":12,"column":0},"end":{"line":12,"column":62}},"12":{"start":{"line":13,"column":0},"end":{"line":13,"column":8}},"13":{"start":{"line":14,"column":0},"end":{"line":14,"column":20}},"14":{"start":{"line":15,"column":0},"end":{"line":15,"column":22}},"15":{"start":{"line":16,"column":0},"end":{"line":16,"column":63}},"16":{"start":{"line":17,"column":0},"end":{"line":17,"column":51}},"17":{"start":{"line":18,"column":0},"end":{"line":18,"column":53}},"18":{"start":{"line":19,"column":0},"end":{"line":19,"column":14}},"19":{"start":{"line":20,"column":0},"end":{"line":20,"column":28}},"20":{"start":{"line":21,"column":0},"end":{"line":21,"column":41}},"21":{"start":{"line":22,"column":0},"end":{"line":22,"column":10}},"22":{"start":{"line":23,"column":0},"end":{"line":23,"column":0}},"23":{"start":{"line":24,"column":0},"end":{"line":24,"column":19}},"24":{"start":{"line":25,"column":0},"end":{"line":25,"column":25}},"25":{"start":{"line":26,"column":0},"end":{"line":26,"column":0}},"26":{"start":{"line":27,"column":0},"end":{"line":27,"column":33}},"27":{"start":{"line":28,"column":0},"end":{"line":28,"column":55}},"28":{"start":{"line":29,"column":0},"end":{"line":29,"column":33}},"29":{"start":{"line":30,"column":0},"end":{"line":30,"column":16}},"30":{"start":{"line":31,"column":0},"end":{"line":31,"column":44}},"31":{"start":{"line":32,"column":0},"end":{"line":32,"column":9}},"32":{"start":{"line":33,"column":0},"end":{"line":33,"column":0}},"33":{"start":{"line":34,"column":0},"end":{"line":34,"column":20}},"34":{"start":{"line":35,"column":0},"end":{"line":35,"column":22}},"35":{"start":{"line":36,"column":0},"end":{"line":36,"column":63}},"36":{"start":{"line":37,"column":0},"end":{"line":37,"column":51}},"37":{"start":{"line":38,"column":0},"end":{"line":38,"column":53}},"38":{"start":{"line":39,"column":0},"end":{"line":39,"column":14}},"39":{"start":{"line":40,"column":0},"end":{"line":40,"column":28}},"40":{"start":{"line":41,"column":0},"end":{"line":41,"column":34}},"41":{"start":{"line":42,"column":0},"end":{"line":42,"column":33}},"42":{"start":{"line":43,"column":0},"end":{"line":43,"column":15}},"43":{"start":{"line":44,"column":0},"end":{"line":44,"column":10}},"44":{"start":{"line":45,"column":0},"end":{"line":45,"column":5}},"45":{"start":{"line":46,"column":0},"end":{"line":46,"column":0}},"46":{"start":{"line":47,"column":0},"end":{"line":47,"column":20}},"47":{"start":{"line":48,"column":0},"end":{"line":48,"column":2}}},"s":{"0":1,"1":1,"2":1,"3":1,"4":1,"5":1,"6":1,"7":2,"8":2,"9":2,"10":0,"11":2,"12":12,"13":12,"14":12,"15":12,"16":12,"17":1,"18":1,"19":1,"20":1,"21":1,"22":1,"23":1,"24":1,"25":0,"26":0,"27":1,"28":1,"29":1,"30":1,"31":1,"32":1,"33":1,"34":1,"35":1,"36":1,"37":1,"38":1,"39":1,"40":1,"41":1,"42":1,"43":1,"44":1,"45":1,"46":1,"47":1},"branchMap":{"0":{"type":"branch","line":1,"loc":{"start":{"line":1,"column":0},"end":{"line":48,"column":2}},"locations":[{"start":{"line":1,"column":0},"end":{"line":48,"column":2}}]},"1":{"type":"branch","line":1,"loc":{"start":{"line":1,"column":0},"end":{"line":48,"column":2}},"locations":[{"start":{"line":1,"column":0},"end":{"line":48,"column":2}}]},"2":{"type":"branch","line":6,"loc":{"start":{"line":6,"column":20},"end":{"line":7,"column":73}},"locations":[{"start":{"line":6,"column":20},"end":{"line":7,"column":73}}]},"3":{"type":"branch","line":7,"loc":{"start":{"line":7,"column":93},"end":{"line":18,"column":20}},"locations":[{"start":{"line":7,"column":93},"end":{"line":18,"column":20}}]},"4":{"type":"branch","line":10,"loc":{"start":{"line":10,"column":9},"end":{"line":12,"column":4}},"locations":[{"start":{"line":10,"column":9},"end":{"line":12,"column":4}}]},"5":{"type":"branch","line":12,"loc":{"start":{"line":12,"column":59},"end":{"line":18,"column":1}},"locations":[{"start":{"line":12,"column":59},"end":{"line":18,"column":1}}]},"6":{"type":"branch","line":16,"loc":{"start":{"line":16,"column":28},"end":{"line":16,"column":43}},"locations":[{"start":{"line":16,"column":28},"end":{"line":16,"column":43}}]},"7":{"type":"branch","line":18,"loc":{"start":{"line":18,"column":36},"end":{"line":28,"column":26}},"locations":[{"start":{"line":18,"column":36},"end":{"line":28,"column":26}}]},"8":{"type":"branch","line":21,"loc":{"start":{"line":21,"column":19},"end":{"line":21,"column":23}},"locations":[{"start":{"line":21,"column":19},"end":{"line":21,"column":23}}]},"9":{"type":"branch","line":25,"loc":{"start":{"line":25,"column":4},"end":{"line":28,"column":7}},"locations":[{"start":{"line":25,"column":4},"end":{"line":28,"column":7}}]},"10":{"type":"branch","line":28,"loc":{"start":{"line":28,"column":47},"end":{"line":31,"column":11}},"locations":[{"start":{"line":28,"column":47},"end":{"line":31,"column":11}}]},"11":{"type":"branch","line":35,"loc":{"start":{"line":35,"column":3},"end":{"line":35,"column":22}},"locations":[{"start":{"line":35,"column":3},"end":{"line":35,"column":22}}]}},"b":{"0":[1],"1":[1],"2":[1],"3":[2],"4":[0],"5":[12],"6":[2],"7":[1],"8":[0],"9":[0],"10":[1],"11":[1]},"fnMap":{"0":{"name":"Object.<anonymous>","decl":{"start":{"line":1,"column":0},"end":{"line":48,"column":2}},"loc":{"start":{"line":1,"column":0},"end":{"line":48,"column":2}},"line":1},"1":{"name":"__export","decl":{"start":{"line":6,"column":20},"end":{"line":7,"column":73}},"loc":{"start":{"line":6,"column":20},"end":{"line":7,"column":73}},"line":6},"2":{"name":"__copyProps","decl":{"start":{"line":7,"column":93},"end":{"line":18,"column":20}},"loc":{"start":{"line":7,"column":93},"end":{"line":18,"column":20}},"line":7},"3":{"name":"get","decl":{"start":{"line":16,"column":28},"end":{"line":16,"column":43}},"loc":{"start":{"line":16,"column":28},"end":{"line":16,"column":43}},"line":16},"4":{"name":"__toESM","decl":{"start":{"line":18,"column":36},"end":{"line":28,"column":26}},"loc":{"start":{"line":18,"column":36},"end":{"line":28,"column":26}},"line":18},"5":{"name":"__toCommonJS","decl":{"start":{"line":28,"column":47},"end":{"line":31,"column":11}},"loc":{"start":{"line":28,"column":47},"end":{"line":31,"column":11}},"line":28},"6":{"name":"lambdaHandler","decl":{"start":{"line":35,"column":3},"end":{"line":35,"column":22}},"loc":{"start":{"line":35,"column":3},"end":{"line":35,"column":22}},"line":35}},"f":{"0":1,"1":1,"2":2,"3":2,"4":1,"5":1,"6":1}}
,"/Users/jesussanchez/Desktop/Ews Lambda Funtions Templates/NodeJS/src/controller/controller.ts": {"path":"/Users/jesussanchez/Desktop/Ews Lambda Funtions Templates/NodeJS/src/controller/controller.ts","all":false,"statementMap":{"0":{"start":{"line":1,"column":0},"end":{"line":1,"column":44}},"1":{"start":{"line":2,"column":0},"end":{"line":2,"column":83}},"2":{"start":{"line":3,"column":0},"end":{"line":3,"column":62}},"3":{"start":{"line":4,"column":0},"end":{"line":4,"column":0}},"4":{"start":{"line":5,"column":0},"end":{"line":5,"column":10}},"5":{"start":{"line":6,"column":0},"end":{"line":6,"column":25}},"6":{"start":{"line":7,"column":0},"end":{"line":7,"column":91}},"7":{"start":{"line":8,"column":0},"end":{"line":8,"column":0}},"8":{"start":{"line":9,"column":0},"end":{"line":9,"column":40}},"9":{"start":{"line":10,"column":0},"end":{"line":10,"column":18}},"10":{"start":{"line":11,"column":0},"end":{"line":11,"column":5}},"11":{"start":{"line":12,"column":0},"end":{"line":12,"column":0}},"12":{"start":{"line":13,"column":0},"end":{"line":13,"column":1}}},"s":{"0":1,"1":1,"2":1,"3":1,"4":1,"5":1,"6":1,"7":1,"8":1,"9":1,"10":1,"11":1,"12":1},"branchMap":{"0":{"type":"branch","line":1,"loc":{"start":{"line":1,"column":0},"end":{"line":13,"column":1}},"locations":[{"start":{"line":1,"column":0},"end":{"line":13,"column":1}}]},"1":{"type":"branch","line":1,"loc":{"start":{"line":1,"column":0},"end":{"line":13,"column":1}},"locations":[{"start":{"line":1,"column":0},"end":{"line":13,"column":1}}]},"2":{"type":"branch","line":7,"loc":{"start":{"line":7,"column":56},"end":{"line":13,"column":1}},"locations":[{"start":{"line":7,"column":56},"end":{"line":13,"column":1}}]}},"b":{"0":[1],"1":[1],"2":[1]},"fnMap":{"0":{"name":"Object.<anonymous>","decl":{"start":{"line":1,"column":0},"end":{"line":13,"column":1}},"loc":{"start":{"line":1,"column":0},"end":{"line":13,"column":1}},"line":1},"1":{"name":"__export","decl":{"start":{"line":7,"column":56},"end":{"line":13,"column":1}},"loc":{"start":{"line":7,"column":56},"end":{"line":13,"column":1}},"line":7}},"f":{"0":1,"1":1}}
,"/Users/jesussanchez/Desktop/Ews Lambda Funtions Templates/NodeJS/src/datasource/datasource_implementation.ts": {"path":"/Users/jesussanchez/Desktop/Ews Lambda Funtions Templates/NodeJS/src/datasource/datasource_implementation.ts","all":false,"statementMap":{"0":{"start":{"line":1,"column":0},"end":{"line":1,"column":28}},"1":{"start":{"line":2,"column":0},"end":{"line":2,"column":44}},"2":{"start":{"line":3,"column":0},"end":{"line":3,"column":72}},"3":{"start":{"line":4,"column":0},"end":{"line":4,"column":10}},"4":{"start":{"line":5,"column":0},"end":{"line":5,"column":63}},"5":{"start":{"line":6,"column":0},"end":{"line":6,"column":0}},"6":{"start":{"line":7,"column":0},"end":{"line":7,"column":47}},"7":{"start":{"line":8,"column":0},"end":{"line":8,"column":33}},"8":{"start":{"line":9,"column":0},"end":{"line":9,"column":48}},"9":{"start":{"line":10,"column":0},"end":{"line":10,"column":5}},"10":{"start":{"line":11,"column":0},"end":{"line":11,"column":0}},"11":{"start":{"line":12,"column":0},"end":{"line":12,"column":1}}},"s":{"0":1,"1":1,"2":1,"3":1,"4":1,"5":1,"6":1,"7":1,"8":1,"9":1,"10":1,"11":1},"branchMap":{"0":{"type":"branch","line":1,"loc":{"start":{"line":1,"column":0},"end":{"line":12,"column":1}},"locations":[{"start":{"line":1,"column":0},"end":{"line":12,"column":1}}]},"1":{"type":"branch","line":1,"loc":{"start":{"line":1,"column":0},"end":{"line":12,"column":1}},"locations":[{"start":{"line":1,"column":0},"end":{"line":12,"column":1}}]},"2":{"type":"branch","line":8,"loc":{"start":{"line":8,"column":15},"end":{"line":12,"column":1}},"locations":[{"start":{"line":8,"column":15},"end":{"line":12,"column":1}}]}},"b":{"0":[1],"1":[1],"2":[1]},"fnMap":{"0":{"name":"Object.<anonymous>","decl":{"start":{"line":1,"column":0},"end":{"line":12,"column":1}},"loc":{"start":{"line":1,"column":0},"end":{"line":12,"column":1}},"line":1},"1":{"name":"__export","decl":{"start":{"line":8,"column":15},"end":{"line":12,"column":1}},"loc":{"start":{"line":8,"column":15},"end":{"line":12,"column":1}},"line":8}},"f":{"0":1,"1":1}}
,"/Users/jesussanchez/Desktop/Ews Lambda Funtions Templates/NodeJS/src/exceptions/invalid_entry_data.ts": {"path":"/Users/jesussanchez/Desktop/Ews Lambda Funtions Templates/NodeJS/src/exceptions/invalid_entry_data.ts","all":false,"statementMap":{"0":{"start":{"line":1,"column":0},"end":{"line":1,"column":54}},"1":{"start":{"line":2,"column":0},"end":{"line":2,"column":30}},"2":{"start":{"line":3,"column":0},"end":{"line":3,"column":19}},"3":{"start":{"line":4,"column":0},"end":{"line":4,"column":0}},"4":{"start":{"line":5,"column":0},"end":{"line":5,"column":73}},"5":{"start":{"line":6,"column":0},"end":{"line":6,"column":5}},"6":{"start":{"line":7,"column":0},"end":{"line":7,"column":1}}},"s":{"0":1,"1":1,"2":1,"3":1,"4":1,"5":1,"6":1},"branchMap":{"0":{"type":"branch","line":1,"loc":{"start":{"line":1,"column":0},"end":{"line":7,"column":1}},"locations":[{"start":{"line":1,"column":0},"end":{"line":7,"column":1}}]},"1":{"type":"branch","line":1,"loc":{"start":{"line":1,"column":0},"end":{"line":7,"column":1}},"locations":[{"start":{"line":1,"column":0},"end":{"line":7,"column":1}}]}},"b":{"0":[1],"1":[1]},"fnMap":{"0":{"name":"Object.<anonymous>","decl":{"start":{"line":1,"column":0},"end":{"line":7,"column":1}},"loc":{"start":{"line":1,"column":0},"end":{"line":7,"column":1}},"line":1}},"f":{"0":1}}
,"/Users/jesussanchez/Desktop/Ews Lambda Funtions Templates/NodeJS/src/loaders/pg.loader.ts": {"path":"/Users/jesussanchez/Desktop/Ews Lambda Funtions Templates/NodeJS/src/loaders/pg.loader.ts","all":false,"statementMap":{"0":{"start":{"line":1,"column":0},"end":{"line":1,"column":28}},"1":{"start":{"line":2,"column":0},"end":{"line":2,"column":28}},"2":{"start":{"line":3,"column":0},"end":{"line":3,"column":31}},"3":{"start":{"line":4,"column":0},"end":{"line":4,"column":0}},"4":{"start":{"line":5,"column":0},"end":{"line":5,"column":23}},"5":{"start":{"line":6,"column":0},"end":{"line":6,"column":0}},"6":{"start":{"line":7,"column":0},"end":{"line":7,"column":27}},"7":{"start":{"line":8,"column":0},"end":{"line":8,"column":0}},"8":{"start":{"line":9,"column":0},"end":{"line":9,"column":29}},"9":{"start":{"line":10,"column":0},"end":{"line":10,"column":36}},"10":{"start":{"line":11,"column":0},"end":{"line":11,"column":38}},"11":{"start":{"line":12,"column":0},"end":{"line":12,"column":46}},"12":{"start":{"line":13,"column":0},"end":{"line":13,"column":46}},"13":{"start":{"line":14,"column":0},"end":{"line":14,"column":54}},"14":{"start":{"line":15,"column":0},"end":{"line":15,"column":9}},"15":{"start":{"line":16,"column":0},"end":{"line":16,"column":0}},"16":{"start":{"line":17,"column":0},"end":{"line":17,"column":29}},"17":{"start":{"line":18,"column":0},"end":{"line":18,"column":25}},"18":{"start":{"line":19,"column":0},"end":{"line":19,"column":36}},"19":{"start":{"line":20,"column":0},"end":{"line":20,"column":37}},"20":{"start":{"line":21,"column":0},"end":{"line":21,"column":34}},"21":{"start":{"line":22,"column":0},"end":{"line":22,"column":10}},"22":{"start":{"line":23,"column":0},"end":{"line":23,"column":0}},"23":{"start":{"line":24,"column":0},"end":{"line":24,"column":40}},"24":{"start":{"line":25,"column":0},"end":{"line":25,"column":5}},"25":{"start":{"line":26,"column":0},"end":{"line":26,"column":1}}},"s":{"0":1,"1":1,"2":1,"3":1,"4":1,"5":1,"6":1,"7":1,"8":1,"9":1,"10":1,"11":1,"12":1,"13":1,"14":1,"15":1,"16":1,"17":2,"18":2,"19":2,"20":2,"21":12,"22":12,"23":12,"24":12,"25":12},"branchMap":{"0":{"type":"branch","line":1,"loc":{"start":{"line":1,"column":0},"end":{"line":26,"column":1}},"locations":[{"start":{"line":1,"column":0},"end":{"line":26,"column":1}}]},"1":{"type":"branch","line":1,"loc":{"start":{"line":1,"column":0},"end":{"line":26,"column":1}},"locations":[{"start":{"line":1,"column":0},"end":{"line":26,"column":1}}]},"2":{"type":"branch","line":12,"loc":{"start":{"line":12,"column":35},"end":{"line":14,"column":52}},"locations":[{"start":{"line":12,"column":35},"end":{"line":14,"column":52}}]},"3":{"type":"branch","line":17,"loc":{"start":{"line":17,"column":6},"end":{"line":26,"column":1}},"locations":[{"start":{"line":17,"column":6},"end":{"line":26,"column":1}}]},"4":{"type":"branch","line":19,"loc":{"start":{"line":19,"column":19},"end":{"line":20,"column":11}},"locations":[{"start":{"line":19,"column":19},"end":{"line":20,"column":11}}]},"5":{"type":"branch","line":21,"loc":{"start":{"line":21,"column":28},"end":{"line":26,"column":1}},"locations":[{"start":{"line":21,"column":28},"end":{"line":26,"column":1}}]}},"b":{"0":[1],"1":[1],"2":[1],"3":[2],"4":[0],"5":[12]},"fnMap":{"0":{"name":"Object.<anonymous>","decl":{"start":{"line":1,"column":0},"end":{"line":26,"column":1}},"loc":{"start":{"line":1,"column":0},"end":{"line":26,"column":1}},"line":1},"1":{"name":"__export","decl":{"start":{"line":12,"column":35},"end":{"line":14,"column":52}},"loc":{"start":{"line":12,"column":35},"end":{"line":14,"column":52}},"line":12},"2":{"name":"__copyProps","decl":{"start":{"line":17,"column":6},"end":{"line":26,"column":1}},"loc":{"start":{"line":17,"column":6},"end":{"line":26,"column":1}},"line":17}},"f":{"0":1,"1":1,"2":2}}
}
