TN:
SF:index.ts
FN:1,Object.<anonymous>
FN:6,__export
FN:7,__copyProps
FN:16,get
FN:18,__toESM
FN:28,__toCommonJS
FN:35,lambdaHandler
FNF:7
FNH:7
FNDA:1,Object.<anonymous>
FNDA:1,__export
FNDA:2,__copyProps
FNDA:2,get
FNDA:1,__toESM
FNDA:1,__toCommonJS
FNDA:1,lambdaHandler
DA:1,1
DA:2,1
DA:3,1
DA:4,1
DA:5,1
DA:6,1
DA:7,1
DA:8,2
DA:9,2
DA:10,2
DA:11,0
DA:12,2
DA:13,12
DA:14,12
DA:15,12
DA:16,12
DA:17,12
DA:18,1
DA:19,1
DA:20,1
DA:21,1
DA:22,1
DA:23,1
DA:24,1
DA:25,1
DA:26,0
DA:27,0
DA:28,1
DA:29,1
DA:30,1
DA:31,1
DA:32,1
DA:33,1
DA:34,1
DA:35,1
DA:36,1
DA:37,1
DA:38,1
DA:39,1
DA:40,1
DA:41,1
DA:42,1
DA:43,1
DA:44,1
DA:45,1
DA:46,1
DA:47,1
DA:48,1
LF:48
LH:45
BRDA:1,0,0,1
BRDA:1,1,0,1
BRDA:6,2,0,1
BRDA:7,3,0,2
BRDA:10,4,0,0
BRDA:12,5,0,12
BRDA:16,6,0,2
BRDA:18,7,0,1
BRDA:21,8,0,0
BRDA:25,9,0,0
BRDA:28,10,0,1
BRDA:35,11,0,1
BRF:12
BRH:9
end_of_record
TN:
SF:src/controller/controller.ts
FN:1,Object.<anonymous>
FN:7,__export
FNF:2
FNH:2
FNDA:1,Object.<anonymous>
FNDA:1,__export
DA:1,1
DA:2,1
DA:3,1
DA:4,1
DA:5,1
DA:6,1
DA:7,1
DA:8,1
DA:9,1
DA:10,1
DA:11,1
DA:12,1
DA:13,1
LF:13
LH:13
BRDA:1,0,0,1
BRDA:1,1,0,1
BRDA:7,2,0,1
BRF:3
BRH:3
end_of_record
TN:
SF:src/datasource/datasource_implementation.ts
FN:1,Object.<anonymous>
FN:8,__export
FNF:2
FNH:2
FNDA:1,Object.<anonymous>
FNDA:1,__export
DA:1,1
DA:2,1
DA:3,1
DA:4,1
DA:5,1
DA:6,1
DA:7,1
DA:8,1
DA:9,1
DA:10,1
DA:11,1
DA:12,1
LF:12
LH:12
BRDA:1,0,0,1
BRDA:1,1,0,1
BRDA:8,2,0,1
BRF:3
BRH:3
end_of_record
TN:
SF:src/exceptions/invalid_entry_data.ts
FN:1,Object.<anonymous>
FNF:1
FNH:1
FNDA:1,Object.<anonymous>
DA:1,1
DA:2,1
DA:3,1
DA:4,1
DA:5,1
DA:6,1
DA:7,1
LF:7
LH:7
BRDA:1,0,0,1
BRDA:1,1,0,1
BRF:2
BRH:2
end_of_record
TN:
SF:src/loaders/pg.loader.ts
FN:1,Object.<anonymous>
FN:12,__export
FN:17,__copyProps
FNF:3
FNH:3
FNDA:1,Object.<anonymous>
FNDA:1,__export
FNDA:2,__copyProps
DA:1,1
DA:2,1
DA:3,1
DA:4,1
DA:5,1
DA:6,1
DA:7,1
DA:8,1
DA:9,1
DA:10,1
DA:11,1
DA:12,1
DA:13,1
DA:14,1
DA:15,1
DA:16,1
DA:17,1
DA:18,2
DA:19,2
DA:20,2
DA:21,2
DA:22,12
DA:23,12
DA:24,12
DA:25,12
DA:26,12
LF:26
LH:26
BRDA:1,0,0,1
BRDA:1,1,0,1
BRDA:12,2,0,1
BRDA:17,3,0,2
BRDA:19,4,0,0
BRDA:21,5,0,12
BRF:6
BRH:5
end_of_record
